
*** Running vivado
    with args -log tarea4.vds -m64 -product Vivado -mode batch -messageDb vivado.pb -notrace -source tarea4.tcl



****** Vivado v2025.1 (64-bit)
  **** SW Build 6140274 on Thu May 22 00:12:29 MDT 2025
  **** IP Build 6138677 on Thu May 22 03:10:11 MDT 2025
  **** SharedData Build 6139179 on Tue May 20 17:58:58 MDT 2025
  **** Start of session at: Tue Sep 23 21:58:48 2025
    ** Copyright 1986-2022 Xilinx, Inc. All Rights Reserved.
    ** Copyright 2022-2025 Advanced Micro Devices, Inc. All Rights Reserved.

source tarea4.tcl -notrace
create_project: Time (s): cpu = 00:00:16 ; elapsed = 00:00:11 . Memory (MB): peak = 597.359 ; gain = 210.793
Command: read_checkpoint -auto_incremental -incremental C:/Users/ivanv/Documents/Barbosa/project_4/project_4.srcs/utils_1/imports/synth_1/tarea4.dcp
INFO: [Vivado 12-5825] Read reference checkpoint from C:/Users/ivanv/Documents/Barbosa/project_4/project_4.srcs/utils_1/imports/synth_1/tarea4.dcp for incremental synthesis
INFO: [Vivado 12-7989] Please ensure there are no constraint changes
Command: synth_design -top tarea4 -part xc7a35tcpg236-1
Starting synth_design
Attempting to get a license for feature 'Synthesis' and/or device 'xc7a35t'
INFO: [Common 17-349] Got license for feature 'Synthesis' and/or device 'xc7a35t'
INFO: [Device 21-403] Loading part xc7a35tcpg236-1
INFO: [Designutils 20-5440] No compile time benefit to using incremental synthesis; A full resynthesis will be run
INFO: [Designutils 20-4379] Flow is switching to default flow due to incremental criteria not met. If you would like to alter this behaviour and have the flow terminate instead, please set the following parameter config_implementation {autoIncr.Synth.RejectBehavior Terminate}
INFO: [Synth 8-7079] Multithreading enabled for synth_design using a maximum of 2 processes.
INFO: [Synth 8-7078] Launching helper process for spawning children vivado processes
INFO: [Synth 8-7075] Helper process launched with PID 15264
---------------------------------------------------------------------------------
Starting RTL Elaboration : Time (s): cpu = 00:00:11 ; elapsed = 00:00:12 . Memory (MB): peak = 1282.398 ; gain = 494.168
---------------------------------------------------------------------------------
INFO: [Synth 8-6157] synthesizing module 'tarea4' [C:/Users/ivanv/Documents/Barbosa/project_4/project_4.srcs/sources_1/new/tarea4.sv:23]
INFO: [Synth 8-294] found qualifier unique on case statement: implementing as parallel_case [C:/Users/ivanv/Documents/Barbosa/project_4/project_4.srcs/sources_1/new/tarea4.sv:97]
INFO: [Synth 8-6155] done synthesizing module 'tarea4' (0#1) [C:/Users/ivanv/Documents/Barbosa/project_4/project_4.srcs/sources_1/new/tarea4.sv:23]
---------------------------------------------------------------------------------
Finished RTL Elaboration : Time (s): cpu = 00:00:14 ; elapsed = 00:00:15 . Memory (MB): peak = 1389.770 ; gain = 601.539
---------------------------------------------------------------------------------
---------------------------------------------------------------------------------
Start Handling Custom Attributes
---------------------------------------------------------------------------------
---------------------------------------------------------------------------------
Finished Handling Custom Attributes : Time (s): cpu = 00:00:14 ; elapsed = 00:00:15 . Memory (MB): peak = 1389.770 ; gain = 601.539
---------------------------------------------------------------------------------
---------------------------------------------------------------------------------
Finished RTL Optimization Phase 1 : Time (s): cpu = 00:00:14 ; elapsed = 00:00:15 . Memory (MB): peak = 1389.770 ; gain = 601.539
---------------------------------------------------------------------------------
Netlist sorting complete. Time (s): cpu = 00:00:00 ; elapsed = 00:00:00.001 . Memory (MB): peak = 1389.770 ; gain = 0.000
INFO: [Project 1-570] Preparing netlist for logic optimization

Processing XDC Constraints
Initializing timing engine
Parsing XDC File [C:/Users/ivanv/Downloads/Basys-3-Master.xdc]
Finished Parsing XDC File [C:/Users/ivanv/Downloads/Basys-3-Master.xdc]
INFO: [Project 1-236] Implementation specific constraints were found while reading constraint file [C:/Users/ivanv/Downloads/Basys-3-Master.xdc]. These constraints will be ignored for synthesis but will be used in implementation. Impacted constraints are listed in the file [.Xil/tarea4_propImpl.xdc].
Resolution: To avoid this warning, move constraints listed in [.Xil/tarea4_propImpl.xdc] to another XDC file and exclude this new file from synthesis with the used_in_synthesis property (File Properties dialog in GUI) and re-run elaboration/synthesis.
Completed Processing XDC Constraints

Netlist sorting complete. Time (s): cpu = 00:00:00 ; elapsed = 00:00:00 . Memory (MB): peak = 1439.609 ; gain = 0.000
INFO: [Project 1-111] Unisim Transformation Summary:
No Unisim elements were transformed.

Constraint Validation Runtime : Time (s): cpu = 00:00:00 ; elapsed = 00:00:00.004 . Memory (MB): peak = 1439.609 ; gain = 0.000
INFO: [Designutils 20-5440] No compile time benefit to using incremental synthesis; A full resynthesis will be run
INFO: [Designutils 20-4379] Flow is switching to default flow due to incremental criteria not met. If you would like to alter this behaviour and have the flow terminate instead, please set the following parameter config_implementation {autoIncr.Synth.RejectBehavior Terminate}
---------------------------------------------------------------------------------
Finished Constraint Validation : Time (s): cpu = 00:00:29 ; elapsed = 00:00:30 . Memory (MB): peak = 1439.609 ; gain = 651.379
---------------------------------------------------------------------------------
---------------------------------------------------------------------------------
Start Loading Part and Timing Information
---------------------------------------------------------------------------------
Loading part: xc7a35tcpg236-1
---------------------------------------------------------------------------------
Finished Loading Part and Timing Information : Time (s): cpu = 00:00:29 ; elapsed = 00:00:30 . Memory (MB): peak = 1439.609 ; gain = 651.379
---------------------------------------------------------------------------------
---------------------------------------------------------------------------------
Start Applying 'set_property' XDC Constraints
---------------------------------------------------------------------------------
---------------------------------------------------------------------------------
Finished applying 'set_property' XDC Constraints : Time (s): cpu = 00:00:29 ; elapsed = 00:00:30 . Memory (MB): peak = 1439.609 ; gain = 651.379
---------------------------------------------------------------------------------
INFO: [Synth 8-802] inferred FSM for state register 'state_reg_reg' in module 'tarea4'
---------------------------------------------------------------------------------------------------
                   State |                     New Encoding |                Previous Encoding 
---------------------------------------------------------------------------------------------------
                  S_IDLE |                              000 |                              000
                    S_D1 |                              001 |                              001
                    S_D2 |                              010 |                              010
                    S_D3 |                              011 |                              011
                    S_D4 |                              100 |                              100
                  S_DONE |                              101 |                              101
---------------------------------------------------------------------------------------------------
INFO: [Synth 8-3354] encoded FSM with state register 'state_reg_reg' using encoding 'sequential' in module 'tarea4'
---------------------------------------------------------------------------------
Finished RTL Optimization Phase 2 : Time (s): cpu = 00:00:30 ; elapsed = 00:00:31 . Memory (MB): peak = 1439.609 ; gain = 651.379
---------------------------------------------------------------------------------
---------------------------------------------------------------------------------
Start RTL Component Statistics 
---------------------------------------------------------------------------------
Detailed RTL Component Info : 
+---Registers : 
	                1 Bit    Registers := 7     
+---Muxes : 
	   2 Input    3 Bit        Muxes := 12    
	   6 Input    3 Bit        Muxes := 3     
	   2 Input    1 Bit        Muxes := 2     
	   6 Input    1 Bit        Muxes := 7     
---------------------------------------------------------------------------------
Finished RTL Component Statistics 
---------------------------------------------------------------------------------
---------------------------------------------------------------------------------
Start Part Resource Summary
---------------------------------------------------------------------------------
Part Resources:
DSPs: 90 (col length:60)
BRAMs: 100 (col length: RAMB18 60 RAMB36 30)
---------------------------------------------------------------------------------
Finished Part Resource Summary
---------------------------------------------------------------------------------
---------------------------------------------------------------------------------
Start Cross Boundary and Area Optimization
---------------------------------------------------------------------------------
WARNING: [Synth 8-7080] Parallel synthesis criteria is not met
CRITICAL WARNING: [Synth 8-6859] multi-driven net on pin Q with 1st driver pin 'ledprendido_reg/Q' [C:/Users/ivanv/Documents/Barbosa/project_4/project_4.srcs/sources_1/new/tarea4.sv:112]
CRITICAL WARNING: [Synth 8-6859] multi-driven net on pin Q with 2nd driver pin 'GND' [C:/Users/ivanv/Documents/Barbosa/project_4/project_4.srcs/sources_1/new/tarea4.sv:112]
CRITICAL WARNING: [Synth 8-6858] multi-driven net Q is connected to at least one constant driver which has been preserved, other driver is ignored [C:/Users/ivanv/Documents/Barbosa/project_4/project_4.srcs/sources_1/new/tarea4.sv:112]
WARNING: [Synth 8-3332] Sequential element (FSM_sequential_state_reg_reg[2]) is unused and will be removed from module tarea4.
WARNING: [Synth 8-3332] Sequential element (FSM_sequential_state_reg_reg[1]) is unused and will be removed from module tarea4.
WARNING: [Synth 8-3332] Sequential element (FSM_sequential_state_reg_reg[0]) is unused and will be removed from module tarea4.
CRITICAL WARNING: [Synth 8-6859] multi-driven net on pin Q with 1st driver pin 'ledapagado_reg__0/Q' [C:/Users/ivanv/Documents/Barbosa/project_4/project_4.srcs/sources_1/new/tarea4.sv:88]
CRITICAL WARNING: [Synth 8-6859] multi-driven net on pin Q with 2nd driver pin 'GND' [C:/Users/ivanv/Documents/Barbosa/project_4/project_4.srcs/sources_1/new/tarea4.sv:88]
CRITICAL WARNING: [Synth 8-6858] multi-driven net Q is connected to at least one constant driver which has been preserved, other driver is ignored [C:/Users/ivanv/Documents/Barbosa/project_4/project_4.srcs/sources_1/new/tarea4.sv:88]
CRITICAL WARNING: [Synth 8-6859] multi-driven net on pin Q with 1st driver pin 'd2_reg[1]__0/Q' [C:/Users/ivanv/Documents/Barbosa/project_4/project_4.srcs/sources_1/new/tarea4.sv:86]
CRITICAL WARNING: [Synth 8-6859] multi-driven net on pin Q with 2nd driver pin 'GND' [C:/Users/ivanv/Documents/Barbosa/project_4/project_4.srcs/sources_1/new/tarea4.sv:86]
CRITICAL WARNING: [Synth 8-6858] multi-driven net Q is connected to at least one constant driver which has been preserved, other driver is ignored [C:/Users/ivanv/Documents/Barbosa/project_4/project_4.srcs/sources_1/new/tarea4.sv:86]
CRITICAL WARNING: [Synth 8-6859] multi-driven net on pin Q with 1st driver pin 'd2_reg[0]__0/Q' [C:/Users/ivanv/Documents/Barbosa/project_4/project_4.srcs/sources_1/new/tarea4.sv:86]
CRITICAL WARNING: [Synth 8-6859] multi-driven net on pin Q with 2nd driver pin 'GND' [C:/Users/ivanv/Documents/Barbosa/project_4/project_4.srcs/sources_1/new/tarea4.sv:86]
CRITICAL WARNING: [Synth 8-6858] multi-driven net Q is connected to at least one constant driver which has been preserved, other driver is ignored [C:/Users/ivanv/Documents/Barbosa/project_4/project_4.srcs/sources_1/new/tarea4.sv:86]
CRITICAL WARNING: [Synth 8-6859] multi-driven net on pin Q with 1st driver pin 'd3_reg[1]__0/Q' [C:/Users/ivanv/Documents/Barbosa/project_4/project_4.srcs/sources_1/new/tarea4.sv:86]
CRITICAL WARNING: [Synth 8-6859] multi-driven net on pin Q with 2nd driver pin 'GND' [C:/Users/ivanv/Documents/Barbosa/project_4/project_4.srcs/sources_1/new/tarea4.sv:86]
CRITICAL WARNING: [Synth 8-6858] multi-driven net Q is connected to at least one constant driver which has been preserved, other driver is ignored [C:/Users/ivanv/Documents/Barbosa/project_4/project_4.srcs/sources_1/new/tarea4.sv:86]
CRITICAL WARNING: [Synth 8-6859] multi-driven net on pin Q with 1st driver pin 'd3_reg[0]__0/Q' [C:/Users/ivanv/Documents/Barbosa/project_4/project_4.srcs/sources_1/new/tarea4.sv:86]
CRITICAL WARNING: [Synth 8-6859] multi-driven net on pin Q with 2nd driver pin 'GND' [C:/Users/ivanv/Documents/Barbosa/project_4/project_4.srcs/sources_1/new/tarea4.sv:86]
CRITICAL WARNING: [Synth 8-6858] multi-driven net Q is connected to at least one constant driver which has been preserved, other driver is ignored [C:/Users/ivanv/Documents/Barbosa/project_4/project_4.srcs/sources_1/new/tarea4.sv:86]
CRITICAL WARNING: [Synth 8-6859] multi-driven net on pin Q with 1st driver pin 'd4_reg[1]__0/Q' [C:/Users/ivanv/Documents/Barbosa/project_4/project_4.srcs/sources_1/new/tarea4.sv:86]
CRITICAL WARNING: [Synth 8-6859] multi-driven net on pin Q with 2nd driver pin 'GND' [C:/Users/ivanv/Documents/Barbosa/project_4/project_4.srcs/sources_1/new/tarea4.sv:86]
CRITICAL WARNING: [Synth 8-6858] multi-driven net Q is connected to at least one constant driver which has been preserved, other driver is ignored [C:/Users/ivanv/Documents/Barbosa/project_4/project_4.srcs/sources_1/new/tarea4.sv:86]
CRITICAL WARNING: [Synth 8-6859] multi-driven net on pin Q with 1st driver pin 'd4_reg[0]__0/Q' [C:/Users/ivanv/Documents/Barbosa/project_4/project_4.srcs/sources_1/new/tarea4.sv:86]
CRITICAL WARNING: [Synth 8-6859] multi-driven net on pin Q with 2nd driver pin 'GND' [C:/Users/ivanv/Documents/Barbosa/project_4/project_4.srcs/sources_1/new/tarea4.sv:86]
CRITICAL WARNING: [Synth 8-6858] multi-driven net Q is connected to at least one constant driver which has been preserved, other driver is ignored [C:/Users/ivanv/Documents/Barbosa/project_4/project_4.srcs/sources_1/new/tarea4.sv:86]
CRITICAL WARNING: [Synth 8-6859] multi-driven net on pin Q with 1st driver pin 'd1_reg[1]__0/Q' [C:/Users/ivanv/Documents/Barbosa/project_4/project_4.srcs/sources_1/new/tarea4.sv:86]
CRITICAL WARNING: [Synth 8-6859] multi-driven net on pin Q with 2nd driver pin 'GND' [C:/Users/ivanv/Documents/Barbosa/project_4/project_4.srcs/sources_1/new/tarea4.sv:86]
CRITICAL WARNING: [Synth 8-6858] multi-driven net Q is connected to at least one constant driver which has been preserved, other driver is ignored [C:/Users/ivanv/Documents/Barbosa/project_4/project_4.srcs/sources_1/new/tarea4.sv:86]
CRITICAL WARNING: [Synth 8-6859] multi-driven net on pin Q with 1st driver pin 'd1_reg[0]__0/Q' [C:/Users/ivanv/Documents/Barbosa/project_4/project_4.srcs/sources_1/new/tarea4.sv:86]
CRITICAL WARNING: [Synth 8-6859] multi-driven net on pin Q with 2nd driver pin 'GND' [C:/Users/ivanv/Documents/Barbosa/project_4/project_4.srcs/sources_1/new/tarea4.sv:86]
CRITICAL WARNING: [Synth 8-6858] multi-driven net Q is connected to at least one constant driver which has been preserved, other driver is ignored [C:/Users/ivanv/Documents/Barbosa/project_4/project_4.srcs/sources_1/new/tarea4.sv:86]
---------------------------------------------------------------------------------
Finished Cross Boundary and Area Optimization : Time (s): cpu = 00:00:34 ; elapsed = 00:00:35 . Memory (MB): peak = 1439.609 ; gain = 651.379
---------------------------------------------------------------------------------
---------------------------------------------------------------------------------
Start Applying XDC Timing Constraints
---------------------------------------------------------------------------------
---------------------------------------------------------------------------------
Finished Applying XDC Timing Constraints : Time (s): cpu = 00:00:47 ; elapsed = 00:00:49 . Memory (MB): peak = 1581.652 ; gain = 793.422
---------------------------------------------------------------------------------
---------------------------------------------------------------------------------
Start Timing Optimization
---------------------------------------------------------------------------------
---------------------------------------------------------------------------------
Finished Timing Optimization : Time (s): cpu = 00:00:47 ; elapsed = 00:00:49 . Memory (MB): peak = 1581.652 ; gain = 793.422
---------------------------------------------------------------------------------
---------------------------------------------------------------------------------
Start Technology Mapping
---------------------------------------------------------------------------------
---------------------------------------------------------------------------------
Finished Technology Mapping : Time (s): cpu = 00:00:47 ; elapsed = 00:00:49 . Memory (MB): peak = 1591.191 ; gain = 802.961
---------------------------------------------------------------------------------
---------------------------------------------------------------------------------
Start IO Insertion
---------------------------------------------------------------------------------
---------------------------------------------------------------------------------
Start Flattening Before IO Insertion
---------------------------------------------------------------------------------
---------------------------------------------------------------------------------
Finished Flattening Before IO Insertion
---------------------------------------------------------------------------------
---------------------------------------------------------------------------------
Start Final Netlist Cleanup
---------------------------------------------------------------------------------
---------------------------------------------------------------------------------
Finished Final Netlist Cleanup
---------------------------------------------------------------------------------
---------------------------------------------------------------------------------
Finished IO Insertion : Time (s): cpu = 00:00:57 ; elapsed = 00:00:58 . Memory (MB): peak = 1825.137 ; gain = 1036.906
---------------------------------------------------------------------------------
---------------------------------------------------------------------------------
Start Renaming Generated Instances
---------------------------------------------------------------------------------
---------------------------------------------------------------------------------
Finished Renaming Generated Instances : Time (s): cpu = 00:00:57 ; elapsed = 00:00:58 . Memory (MB): peak = 1825.137 ; gain = 1036.906
---------------------------------------------------------------------------------
---------------------------------------------------------------------------------
Start Rebuilding User Hierarchy
---------------------------------------------------------------------------------
---------------------------------------------------------------------------------
Finished Rebuilding User Hierarchy : Time (s): cpu = 00:00:57 ; elapsed = 00:00:58 . Memory (MB): peak = 1825.137 ; gain = 1036.906
---------------------------------------------------------------------------------
---------------------------------------------------------------------------------
Start Renaming Generated Ports
---------------------------------------------------------------------------------
---------------------------------------------------------------------------------
Finished Renaming Generated Ports : Time (s): cpu = 00:00:57 ; elapsed = 00:00:59 . Memory (MB): peak = 1825.137 ; gain = 1036.906
---------------------------------------------------------------------------------
---------------------------------------------------------------------------------
Start Handling Custom Attributes
---------------------------------------------------------------------------------
---------------------------------------------------------------------------------
Finished Handling Custom Attributes : Time (s): cpu = 00:00:57 ; elapsed = 00:00:59 . Memory (MB): peak = 1825.137 ; gain = 1036.906
---------------------------------------------------------------------------------
---------------------------------------------------------------------------------
Start Renaming Generated Nets
---------------------------------------------------------------------------------
---------------------------------------------------------------------------------
Finished Renaming Generated Nets : Time (s): cpu = 00:00:57 ; elapsed = 00:00:59 . Memory (MB): peak = 1825.137 ; gain = 1036.906
---------------------------------------------------------------------------------
---------------------------------------------------------------------------------
Start Writing Synthesis Report
---------------------------------------------------------------------------------

Report BlackBoxes: 
+-+--------------+----------+
| |BlackBox name |Instances |
+-+--------------+----------+
+-+--------------+----------+

Report Cell Usage: 
+------+-----+------+
|      |Cell |Count |
+------+-----+------+
|1     |OBUF |     2|
+------+-----+------+
---------------------------------------------------------------------------------
Finished Writing Synthesis Report : Time (s): cpu = 00:00:57 ; elapsed = 00:00:59 . Memory (MB): peak = 1825.137 ; gain = 1036.906
---------------------------------------------------------------------------------
Synthesis finished with 0 errors, 30 critical warnings and 4 warnings.
Synthesis Optimization Runtime : Time (s): cpu = 00:00:40 ; elapsed = 00:00:55 . Memory (MB): peak = 1825.137 ; gain = 987.066
Synthesis Optimization Complete : Time (s): cpu = 00:00:57 ; elapsed = 00:00:59 . Memory (MB): peak = 1825.137 ; gain = 1036.906
INFO: [Project 1-571] Translating synthesized netlist
Netlist sorting complete. Time (s): cpu = 00:00:00 ; elapsed = 00:00:00 . Memory (MB): peak = 1829.875 ; gain = 0.000
INFO: [Project 1-570] Preparing netlist for logic optimization
INFO: [Opt 31-138] Pushed 0 inverter(s) to 0 load pin(s).
Netlist sorting complete. Time (s): cpu = 00:00:00 ; elapsed = 00:00:00 . Memory (MB): peak = 1833.281 ; gain = 0.000
INFO: [Project 1-111] Unisim Transformation Summary:
No Unisim elements were transformed.

Synth Design complete | Checksum: 5a5b718b
INFO: [Common 17-83] Releasing license: Synthesis
24 Infos, 4 Warnings, 30 Critical Warnings and 0 Errors encountered.
synth_design completed successfully
synth_design: Time (s): cpu = 00:01:03 ; elapsed = 00:01:08 . Memory (MB): peak = 1833.281 ; gain = 1230.695
INFO: [runtcl-6] Synthesis results are not added to the cache due to CRITICAL_WARNING
Write ShapeDB Complete: Time (s): cpu = 00:00:00 ; elapsed = 00:00:00.002 . Memory (MB): peak = 1833.281 ; gain = 0.000
INFO: [Common 17-1381] The checkpoint 'C:/Users/ivanv/Documents/Barbosa/project_4/project_4.runs/synth_1/tarea4.dcp' has been generated.
INFO: [Vivado 12-24828] Executing command : report_utilization -file tarea4_utilization_synth.rpt -pb tarea4_utilization_synth.pb
INFO: [Common 17-206] Exiting Vivado at Tue Sep 23 22:00:18 2025...
